mode: count
github.com/lumontec/mirror/error.go:16.32,18.31 2 1
github.com/lumontec/mirror/error.go:22.2,25.45 2 1
github.com/lumontec/mirror/error.go:18.31,20.3 1 6
github.com/lumontec/mirror/error.go:30.41,31.14 1 0
github.com/lumontec/mirror/error.go:35.2,36.29 2 0
github.com/lumontec/mirror/error.go:40.2,40.15 1 0
github.com/lumontec/mirror/error.go:31.14,33.3 1 0
github.com/lumontec/mirror/error.go:36.29,38.3 1 0
github.com/lumontec/mirror/error.go:43.56,44.25 1 1
github.com/lumontec/mirror/error.go:45.14,46.37 1 1
github.com/lumontec/mirror/error.go:47.10,48.35 1 0
github.com/lumontec/mirror/mirror.go:18.59,23.16 3 0
github.com/lumontec/mirror/mirror.go:27.2,28.16 2 0
github.com/lumontec/mirror/mirror.go:32.2,32.12 1 0
github.com/lumontec/mirror/mirror.go:23.16,25.3 1 0
github.com/lumontec/mirror/mirror.go:28.16,30.3 1 0
github.com/lumontec/mirror/mirror.go:36.59,41.16 3 0
github.com/lumontec/mirror/mirror.go:45.2,46.16 2 0
github.com/lumontec/mirror/mirror.go:50.2,50.12 1 0
github.com/lumontec/mirror/mirror.go:41.16,43.3 1 0
github.com/lumontec/mirror/mirror.go:46.16,48.3 1 0
github.com/lumontec/mirror/mirror.go:54.67,56.2 1 0
github.com/lumontec/mirror/mirror.go:59.73,61.18 2 32
github.com/lumontec/mirror/mirror.go:71.2,71.18 1 32
github.com/lumontec/mirror/mirror.go:75.2,75.25 1 32
github.com/lumontec/mirror/mirror.go:79.2,81.20 3 32
github.com/lumontec/mirror/mirror.go:109.2,109.12 1 32
github.com/lumontec/mirror/mirror.go:61.18,66.57 2 32
github.com/lumontec/mirror/mirror.go:66.57,68.4 1 0
github.com/lumontec/mirror/mirror.go:71.18,73.3 1 0
github.com/lumontec/mirror/mirror.go:75.25,77.3 1 0
github.com/lumontec/mirror/mirror.go:82.20,83.40 1 0
github.com/lumontec/mirror/mirror.go:84.25,85.41 1 3
github.com/lumontec/mirror/mirror.go:86.22,87.42 1 9
github.com/lumontec/mirror/mirror.go:88.19,89.39 1 13
github.com/lumontec/mirror/mirror.go:90.20,91.40 1 0
github.com/lumontec/mirror/mirror.go:92.23,93.14 1 0
github.com/lumontec/mirror/mirror.go:94.23,95.41 1 0
github.com/lumontec/mirror/mirror.go:96.22,97.42 1 3
github.com/lumontec/mirror/mirror.go:98.19,99.42 1 3
github.com/lumontec/mirror/mirror.go:100.21,101.41 1 1
github.com/lumontec/mirror/mirror.go:102.21,103.41 1 0
github.com/lumontec/mirror/mirror.go:104.10,106.66 1 0
github.com/lumontec/mirror/mirror.go:112.73,116.30 3 3
github.com/lumontec/mirror/mirror.go:122.2,123.12 2 2
github.com/lumontec/mirror/mirror.go:116.30,120.3 1 1
github.com/lumontec/mirror/mirror.go:126.72,130.29 3 17
github.com/lumontec/mirror/mirror.go:136.2,137.12 2 17
github.com/lumontec/mirror/mirror.go:130.29,134.3 1 0
github.com/lumontec/mirror/mirror.go:140.73,144.30 3 3
github.com/lumontec/mirror/mirror.go:150.2,151.12 2 2
github.com/lumontec/mirror/mirror.go:144.30,148.3 1 1
github.com/lumontec/mirror/mirror.go:154.74,158.33 3 4
github.com/lumontec/mirror/mirror.go:164.2,165.12 2 3
github.com/lumontec/mirror/mirror.go:158.33,162.3 1 1
github.com/lumontec/mirror/mirror.go:168.75,173.32 3 11
github.com/lumontec/mirror/mirror.go:179.2,180.12 2 10
github.com/lumontec/mirror/mirror.go:173.32,177.3 1 1
github.com/lumontec/mirror/mirror.go:183.80,187.12 2 6
github.com/lumontec/mirror/mirror.go:198.2,198.11 1 6
github.com/lumontec/mirror/mirror.go:209.2,211.18 3 5
github.com/lumontec/mirror/mirror.go:227.2,227.19 1 5
github.com/lumontec/mirror/mirror.go:187.12,188.65 1 5
github.com/lumontec/mirror/mirror.go:194.18,195.21 1 0
github.com/lumontec/mirror/mirror.go:198.11,199.35 1 1
github.com/lumontec/mirror/mirror.go:204.3,204.19 1 1
github.com/lumontec/mirror/mirror.go:199.35,202.4 2 0
github.com/lumontec/mirror/mirror.go:211.18,213.22 2 0
github.com/lumontec/mirror/mirror.go:217.3,217.71 1 0
github.com/lumontec/mirror/mirror.go:221.3,221.19 1 0
github.com/lumontec/mirror/mirror.go:213.22,215.4 1 0
github.com/lumontec/mirror/mirror.go:217.71,219.4 1 0
github.com/lumontec/mirror/mirror.go:222.8,223.67 1 5
github.com/lumontec/mirror/mirror.go:223.67,225.4 1 0
github.com/lumontec/mirror/mirror.go:232.74,234.43 1 3
github.com/lumontec/mirror/mirror.go:265.2,270.74 2 0
github.com/lumontec/mirror/mirror.go:274.2,274.24 1 0
github.com/lumontec/mirror/mirror.go:278.2,279.43 2 0
github.com/lumontec/mirror/mirror.go:286.2,286.12 1 0
github.com/lumontec/mirror/mirror.go:234.43,241.22 3 3
github.com/lumontec/mirror/mirror.go:256.3,256.61 1 3
github.com/lumontec/mirror/mirror.go:261.3,262.13 2 3
github.com/lumontec/mirror/mirror.go:241.22,252.4 4 3
github.com/lumontec/mirror/mirror.go:256.61,258.4 1 0
github.com/lumontec/mirror/mirror.go:270.74,272.3 1 0
github.com/lumontec/mirror/mirror.go:274.24,276.3 1 0
github.com/lumontec/mirror/mirror.go:279.43,283.3 1 0
github.com/lumontec/mirror/mirror.go:289.74,298.66 6 5
github.com/lumontec/mirror/mirror.go:304.2,304.21 1 3
github.com/lumontec/mirror/mirror.go:308.2,309.22 2 3
github.com/lumontec/mirror/mirror.go:315.2,317.37 2 3
github.com/lumontec/mirror/mirror.go:331.2,334.21 2 3
github.com/lumontec/mirror/mirror.go:338.2,338.12 1 3
github.com/lumontec/mirror/mirror.go:298.66,301.3 1 2
github.com/lumontec/mirror/mirror.go:304.21,306.3 1 0
github.com/lumontec/mirror/mirror.go:309.22,312.3 1 3
github.com/lumontec/mirror/mirror.go:317.37,319.27 2 5
github.com/lumontec/mirror/mirror.go:322.3,325.70 3 5
github.com/lumontec/mirror/mirror.go:319.27,321.4 1 0
github.com/lumontec/mirror/mirror.go:325.70,327.4 1 0
github.com/lumontec/mirror/mirror.go:334.21,336.3 1 0
github.com/lumontec/mirror/mirror.go:341.74,350.71 7 4
github.com/lumontec/mirror/mirror.go:368.2,370.37 2 3
github.com/lumontec/mirror/mirror.go:381.2,384.21 2 3
github.com/lumontec/mirror/mirror.go:388.2,388.12 1 3
github.com/lumontec/mirror/mirror.go:350.71,352.67 1 4
github.com/lumontec/mirror/mirror.go:357.3,357.38 1 3
github.com/lumontec/mirror/mirror.go:364.3,364.43 1 3
github.com/lumontec/mirror/mirror.go:352.67,356.4 1 1
github.com/lumontec/mirror/mirror.go:357.38,361.4 1 0
github.com/lumontec/mirror/mirror.go:370.37,375.70 4 5
github.com/lumontec/mirror/mirror.go:375.70,377.4 1 0
github.com/lumontec/mirror/mirror.go:384.21,386.3 1 0
github.com/lumontec/mirror/mirror.go:391.75,397.34 2 3
github.com/lumontec/mirror/mirror.go:402.2,404.32 2 3
github.com/lumontec/mirror/mirror.go:410.2,410.48 1 3
github.com/lumontec/mirror/mirror.go:397.34,400.3 2 0
github.com/lumontec/mirror/mirror.go:404.32,408.3 1 0
github.com/lumontec/mirror/mirror.go:413.73,416.91 2 7
github.com/lumontec/mirror/mirror.go:422.2,425.47 3 7
github.com/lumontec/mirror/mirror.go:430.2,442.45 6 7
github.com/lumontec/mirror/mirror.go:449.2,449.27 1 7
github.com/lumontec/mirror/mirror.go:554.2,555.37 2 7
github.com/lumontec/mirror/mirror.go:558.2,559.38 2 7
github.com/lumontec/mirror/mirror.go:563.2,563.21 1 7
github.com/lumontec/mirror/mirror.go:567.2,567.12 1 4
github.com/lumontec/mirror/mirror.go:416.91,420.3 1 0
github.com/lumontec/mirror/mirror.go:425.47,428.3 2 19
github.com/lumontec/mirror/mirror.go:442.45,446.3 3 18
github.com/lumontec/mirror/mirror.go:449.27,459.24 7 18
github.com/lumontec/mirror/mirror.go:463.3,463.21 1 18
github.com/lumontec/mirror/mirror.go:468.3,468.23 1 18
github.com/lumontec/mirror/mirror.go:519.3,522.27 3 17
github.com/lumontec/mirror/mirror.go:527.3,527.28 1 14
github.com/lumontec/mirror/mirror.go:534.3,534.27 1 14
github.com/lumontec/mirror/mirror.go:540.3,544.17 2 14
github.com/lumontec/mirror/mirror.go:548.3,548.78 1 14
github.com/lumontec/mirror/mirror.go:459.24,461.4 1 2
github.com/lumontec/mirror/mirror.go:463.21,465.4 1 1
github.com/lumontec/mirror/mirror.go:468.23,470.50 1 2
github.com/lumontec/mirror/mirror.go:474.4,479.48 5 2
github.com/lumontec/mirror/mirror.go:470.50,472.5 1 0
github.com/lumontec/mirror/mirror.go:479.48,486.25 5 0
github.com/lumontec/mirror/mirror.go:492.5,492.49 1 0
github.com/lumontec/mirror/mirror.go:504.5,504.29 1 0
github.com/lumontec/mirror/mirror.go:486.25,489.6 1 0
github.com/lumontec/mirror/mirror.go:492.49,495.36 2 0
github.com/lumontec/mirror/mirror.go:500.6,500.111 1 0
github.com/lumontec/mirror/mirror.go:495.36,497.15 2 0
github.com/lumontec/mirror/mirror.go:506.10,509.35 2 2
github.com/lumontec/mirror/mirror.go:514.5,514.103 1 1
github.com/lumontec/mirror/mirror.go:509.35,511.14 2 1
github.com/lumontec/mirror/mirror.go:522.27,524.12 2 3
github.com/lumontec/mirror/mirror.go:527.28,529.31 1 0
github.com/lumontec/mirror/mirror.go:534.27,536.12 2 0
github.com/lumontec/mirror/mirror.go:544.17,546.4 1 14
github.com/lumontec/mirror/mirror.go:548.78,550.4 1 1
github.com/lumontec/mirror/mirror.go:555.37,557.3 1 5
github.com/lumontec/mirror/mirror.go:559.38,561.3 1 3
github.com/lumontec/mirror/mirror.go:563.21,565.3 1 3
github.com/lumontec/mirror/mirror.go:570.46,573.9 2 70
github.com/lumontec/mirror/mirror.go:574.52,575.21 1 34
github.com/lumontec/mirror/mirror.go:576.54,577.22 1 2
github.com/lumontec/mirror/mirror.go:578.58,579.25 1 3
github.com/lumontec/mirror/mirror.go:580.10,581.14 1 31
